{"/Users/training/Desktop/javascript-workspace/cart-app/lib/cart.js": {"path":"/Users/training/Desktop/javascript-workspace/cart-app/lib/cart.js","statementMap":{"0":{"start":{"line":2,"column":0},"end":{"line":49,"column":1}},"1":{"start":{"line":4,"column":20},"end":{"line":4,"column":29}},"2":{"start":{"line":5,"column":25},"end":{"line":5,"column":28}},"3":{"start":{"line":7,"column":8},"end":{"line":7,"column":47}},"4":{"start":{"line":7,"column":32},"end":{"line":7,"column":45}},"5":{"start":{"line":9,"column":8},"end":{"line":14,"column":9}},"6":{"start":{"line":10,"column":12},"end":{"line":10,"column":35}},"7":{"start":{"line":11,"column":12},"end":{"line":11,"column":42}},"8":{"start":{"line":13,"column":12},"end":{"line":13,"column":30}},"9":{"start":{"line":16,"column":8},"end":{"line":22,"column":9}},"10":{"start":{"line":17,"column":23},"end":{"line":17,"column":25}},"11":{"start":{"line":18,"column":12},"end":{"line":20,"column":15}},"12":{"start":{"line":19,"column":16},"end":{"line":19,"column":69}},"13":{"start":{"line":21,"column":12},"end":{"line":21,"column":24}},"14":{"start":{"line":24,"column":8},"end":{"line":32,"column":9}},"15":{"start":{"line":25,"column":23},"end":{"line":25,"column":25}},"16":{"start":{"line":26,"column":12},"end":{"line":30,"column":15}},"17":{"start":{"line":27,"column":16},"end":{"line":29,"column":17}},"18":{"start":{"line":28,"column":20},"end":{"line":28,"column":73}},"19":{"start":{"line":31,"column":12},"end":{"line":31,"column":24}},"20":{"start":{"line":34,"column":8},"end":{"line":40,"column":9}},"21":{"start":{"line":35,"column":23},"end":{"line":35,"column":25}},"22":{"start":{"line":36,"column":12},"end":{"line":38,"column":15}},"23":{"start":{"line":37,"column":16},"end":{"line":37,"column":51}},"24":{"start":{"line":39,"column":12},"end":{"line":39,"column":24}},"25":{"start":{"line":42,"column":8},"end":{"line":44,"column":9}},"26":{"start":{"line":43,"column":12},"end":{"line":43,"column":30}}},"fnMap":{"0":{"name":"(anonymous_0)","decl":{"start":{"line":3,"column":4},"end":{"line":3,"column":5}},"loc":{"start":{"line":3,"column":18},"end":{"line":46,"column":5}},"line":3},"1":{"name":"(anonymous_1)","decl":{"start":{"line":7,"column":24},"end":{"line":7,"column":25}},"loc":{"start":{"line":7,"column":30},"end":{"line":7,"column":47}},"line":7},"2":{"name":"(anonymous_2)","decl":{"start":{"line":9,"column":23},"end":{"line":9,"column":24}},"loc":{"start":{"line":9,"column":40},"end":{"line":14,"column":9}},"line":9},"3":{"name":"(anonymous_3)","decl":{"start":{"line":16,"column":28},"end":{"line":16,"column":29}},"loc":{"start":{"line":16,"column":34},"end":{"line":22,"column":9}},"line":16},"4":{"name":"(anonymous_4)","decl":{"start":{"line":18,"column":26},"end":{"line":18,"column":27}},"loc":{"start":{"line":18,"column":40},"end":{"line":20,"column":13}},"line":18},"5":{"name":"(anonymous_5)","decl":{"start":{"line":24,"column":27},"end":{"line":24,"column":28}},"loc":{"start":{"line":24,"column":33},"end":{"line":32,"column":9}},"line":24},"6":{"name":"(anonymous_6)","decl":{"start":{"line":26,"column":26},"end":{"line":26,"column":27}},"loc":{"start":{"line":26,"column":40},"end":{"line":30,"column":13}},"line":26},"7":{"name":"(anonymous_7)","decl":{"start":{"line":34,"column":30},"end":{"line":34,"column":31}},"loc":{"start":{"line":34,"column":36},"end":{"line":40,"column":9}},"line":34},"8":{"name":"(anonymous_8)","decl":{"start":{"line":36,"column":26},"end":{"line":36,"column":27}},"loc":{"start":{"line":36,"column":40},"end":{"line":38,"column":13}},"line":36},"9":{"name":"(anonymous_9)","decl":{"start":{"line":42,"column":29},"end":{"line":42,"column":30}},"loc":{"start":{"line":42,"column":34},"end":{"line":44,"column":9}},"line":42}},"branchMap":{"0":{"loc":{"start":{"line":27,"column":16},"end":{"line":29,"column":17}},"type":"if","locations":[{"start":{"line":27,"column":16},"end":{"line":29,"column":17}},{"start":{"line":27,"column":16},"end":{"line":29,"column":17}}],"line":27}},"s":{"0":1,"1":1,"2":1,"3":1,"4":4,"5":1,"6":2,"7":2,"8":2,"9":1,"10":1,"11":1,"12":2,"13":1,"14":1,"15":1,"16":1,"17":2,"18":1,"19":1,"20":1,"21":1,"22":1,"23":2,"24":1,"25":1,"26":1},"f":{"0":1,"1":4,"2":2,"3":1,"4":2,"5":1,"6":2,"7":1,"8":2,"9":1},"b":{"0":[1,1]},"_coverageSchema":"332fd63041d2c1bcb487cc26dd0d5f7d97098a6c","hash":"971f4b996384b48bad24d4be908dbca476def1f8"}
,"/Users/training/Desktop/javascript-workspace/cart-app/lib/item.js": {"path":"/Users/training/Desktop/javascript-workspace/cart-app/lib/item.js","statementMap":{"0":{"start":{"line":1,"column":0},"end":{"line":8,"column":1}},"1":{"start":{"line":3,"column":8},"end":{"line":3,"column":21}},"2":{"start":{"line":4,"column":8},"end":{"line":4,"column":25}},"3":{"start":{"line":5,"column":8},"end":{"line":5,"column":27}},"4":{"start":{"line":6,"column":8},"end":{"line":6,"column":29}}},"fnMap":{"0":{"name":"(anonymous_0)","decl":{"start":{"line":2,"column":4},"end":{"line":2,"column":5}},"loc":{"start":{"line":2,"column":41},"end":{"line":7,"column":5}},"line":2}},"branchMap":{},"s":{"0":1,"1":2,"2":2,"3":2,"4":2},"f":{"0":2},"b":{},"_coverageSchema":"332fd63041d2c1bcb487cc26dd0d5f7d97098a6c","hash":"09d9ddf7e2e0fe7fb1c1dc3a39e81bb29a5f5f01"}
}
