TN:
SF:/Users/training/Desktop/javascript-workspace/cart-app/lib/cart.js
FN:3,(anonymous_0)
FN:7,(anonymous_1)
FN:9,(anonymous_2)
FN:16,(anonymous_3)
FN:18,(anonymous_4)
FN:24,(anonymous_5)
FN:26,(anonymous_6)
FN:34,(anonymous_7)
FN:36,(anonymous_8)
FN:42,(anonymous_9)
FNF:10
FNH:10
FNDA:1,(anonymous_0)
FNDA:4,(anonymous_1)
FNDA:2,(anonymous_2)
FNDA:1,(anonymous_3)
FNDA:2,(anonymous_4)
FNDA:1,(anonymous_5)
FNDA:2,(anonymous_6)
FNDA:1,(anonymous_7)
FNDA:2,(anonymous_8)
FNDA:1,(anonymous_9)
DA:2,1
DA:4,1
DA:5,1
DA:7,4
DA:9,1
DA:10,2
DA:11,2
DA:13,2
DA:16,1
DA:17,1
DA:18,1
DA:19,2
DA:21,1
DA:24,1
DA:25,1
DA:26,1
DA:27,2
DA:28,1
DA:31,1
DA:34,1
DA:35,1
DA:36,1
DA:37,2
DA:39,1
DA:42,1
DA:43,1
LF:26
LH:26
BRDA:27,0,0,1
BRDA:27,0,1,1
BRF:2
BRH:2
end_of_record
TN:
SF:/Users/training/Desktop/javascript-workspace/cart-app/lib/item.js
FN:2,(anonymous_0)
FNF:1
FNH:1
FNDA:2,(anonymous_0)
DA:1,1
DA:3,2
DA:4,2
DA:5,2
DA:6,2
LF:5
LH:5
BRF:0
BRH:0
end_of_record
